Start testing: May 25 14:06 CST
----------------------------------------------------------
4/6 Testing: ip_test
4/6 Test: ip_test
Command: "/home/qzh/homework/cnlab/net-lab/build/ip_test" "/home/qzh/homework/cnlab/net-lab/testing/data/ip_test"
Directory: /home/qzh/homework/cnlab/net-lab/build
"ip_test" start time: May 25 14:06 CST
Output:
----------------------------------------------------------
[0;34mTest begin.
[0;34mFeeding input 01010203040506070809101112131415[0;34m
Sample input all processed, checking output
[0;34mChecking log file(compare with demo).
[0;32mRound 1: no differences
[0;32mRound 2: no differences
[0;32mRound 3: no differences
[0;32mRound 4: no differences
[0;31mRound 5: differences found(Line 1 of the current round)
[0;32mRound 6: no differences
[0;31mRound 7: differences found(Line 1 of the current round)
[0;31mRound 8: differences found(Line 1 of the current round)
[0;32mRound 9: no differences
[0;32mRound 10: no differences
[0;32mRound 11: no differences
[0;31mRound 12: differences found(Line 1 of the current round)
[0;32mRound 13: no differences
[0;32mRound 14: no differences
[0;31mRound 15: differences found(Line 1 of the current round)
[1;31m====> Some log rounds are different to the demo.
[0m[0;34mChecking pcap output file(compare with demo).
[0;32mPacket 1: no differences
[0;32mPacket 2: no differences
[0;32mPacket 3: no differences
[0;32mPacket 4: no differences
[0;32mPacket 5: no differences
[0;32mPacket 6: no differences
[0;32mPacket 7: no differences
[0;32mPacket 8: no differences
[0;32mPacket 9: no differences
[1;32m====> All packets are the same to the demo.
[0m[1;33mFor this test, log is only a reference. Your implementation is OK if your pcap file is the same to the demo pcap file.
[0m
<end of output>
Test time =   0.02 sec
----------------------------------------------------------
Test Passed.
"ip_test" end time: May 25 14:06 CST
"ip_test" time elapsed: 00:00:00
----------------------------------------------------------

End testing: May 25 14:06 CST
